  imgui.cpp
  imgui_demo.cpp
  imgui_draw.cpp
  imgui_impl_glfw.cpp
  imgui_impl_opengl3.cpp
  imgui_tables.cpp
  imgui_widgets.cpp
  application.cpp
  InnerPlanetsUI.cpp
  CelestialBody.cpp
  NBodyInterface.cpp
  Simulate.cpp
  SymplecticEuler.cpp
  VectorFunctions.cpp
  glad.c
  Generating code
  Previous IPDB not found, fall back to full compilation.
  All 1973 functions were compiled because no usable IPDB/IOBJ from previous compilation was found.
  Finished generating code
  OpenGL.vcxproj -> C:\Users\Gurdeep\Desktop\dev\OpenGL\OpenGL\x64\Release\OpenGL.exe
